Build started 3/5/2015 8:50:33 AM.
     1>Project "E:\OpenCV-3-Build-essentials\Advanced\Python-2.7.9\Python-2.7.9\PCbuild\_ctypes.vcxproj" on node 6 (Build target(s)).
     1>ClCompile:
         C:\Program Files (x86)\Microsoft Visual Studio 12.0\VC\bin\CL.exe /c /I..\Modules\_ctypes\libffi_msvc /I..\Include /I..\PC /I"C:\Program Files (x86)\Visual Leak Detector\include" /Zi /nologo /W3 /WX- /Od /Oy- /D Py_BUILD_CORE_MODULE /D _DEBUG /D _WIN32 /D _WINDLL /GF /Gm- /MDd /GS /Gy /fp:precise /Zc:wchar_t /Zc:forScope /Fo"E:\OpenCV-3-Build-essentials\Advanced\Python-2.7.9\Python-2.7.9\PCbuild\Win32-temp-Debug\_ctypes\\" /Fd"E:\OpenCV-3-Build-essentials\Advanced\Python-2.7.9\Python-2.7.9\PCbuild\Win32-temp-Debug\_ctypes\vc120.pdb" /Gd /TC /analyze- /errorReport:prompt ..\Modules\_ctypes\callbacks.c ..\Modules\_ctypes\callproc.c ..\Modules\_ctypes\cfield.c ..\Modules\_ctypes\libffi_msvc\ffi.c ..\Modules\_ctypes\libffi_msvc\prep_cif.c ..\Modules\_ctypes\libffi_msvc\win32.c ..\Modules\_ctypes\malloc_closure.c ..\Modules\_ctypes\stgdict.c ..\Modules\_ctypes\_ctypes.c
         callbacks.c
         callproc.c
         cfield.c
         ffi.c
     1>..\Modules\_ctypes\libffi_msvc\ffi.c(122): warning C4018: '>' : signed/unsigned mismatch
         prep_cif.c
         win32.c
         malloc_closure.c
         stgdict.c
         _ctypes.c
         Generating Code...
     1>C:\Program Files (x86)\MSBuild\Microsoft.Cpp\v4.0\V120\Microsoft.CppBuild.targets(1193,5): warning MSB8012: TargetPath(E:\OpenCV-3-Build-essentials\Advanced\Python-2.7.9\Python-2.7.9\PCbuild\\_ctypes.dll) does not match the Linker's OutputFile property value (E:\OpenCV-3-Build-essentials\Advanced\Python-2.7.9\Python-2.7.9\PCbuild\_ctypes_d.pyd). This may cause your project to build incorrectly. To correct this, please make sure that $(OutDir), $(TargetName) and $(TargetExt) property values match the value specified in %(Link.OutputFile).
     1>C:\Program Files (x86)\MSBuild\Microsoft.Cpp\v4.0\V120\Microsoft.CppBuild.targets(1194,5): warning MSB8012: TargetExt(.dll) does not match the Linker's OutputFile property value (.pyd). This may cause your project to build incorrectly. To correct this, please make sure that $(OutDir), $(TargetName) and $(TargetExt) property values match the value specified in %(Link.OutputFile).
     1>C:\Program Files (x86)\MSBuild\Microsoft.Cpp\v4.0\V120\Microsoft.CppBuild.targets(1195,5): warning MSB8012: TargetName(_ctypes) does not match the Linker's OutputFile property value (_ctypes_d). This may cause your project to build incorrectly. To correct this, please make sure that $(OutDir), $(TargetName) and $(TargetExt) property values match the value specified in %(Link.OutputFile).
       Link:
         C:\Program Files (x86)\Microsoft Visual Studio 12.0\VC\bin\link.exe /ERRORREPORT:PROMPT /OUT:"E:\OpenCV-3-Build-essentials\Advanced\Python-2.7.9\Python-2.7.9\PCbuild\\_ctypes_d.pyd" /INCREMENTAL:NO /NOLOGO /LIBPATH:"E:\OpenCV-3-Build-essentials\Advanced\Python-2.7.9\Python-2.7.9\PCbuild\\\" /LIBPATH:"C:\Program Files (x86)\Visual Leak Detector\lib\Win32" kernel32.lib user32.lib gdi32.lib winspool.lib comdlg32.lib advapi32.lib shell32.lib ole32.lib oleaut32.lib uuid.lib odbc32.lib odbccp32.lib /MANIFEST:NO /DEBUG /PDB:"E:\OpenCV-3-Build-essentials\Advanced\Python-2.7.9\Python-2.7.9\PCbuild\\_ctypes_d.pdb" /SUBSYSTEM:WINDOWS /TLBID:1 /BASE:"0x1D1A0000" /DYNAMICBASE:NO /IMPLIB:"E:\OpenCV-3-Build-essentials\Advanced\Python-2.7.9\Python-2.7.9\PCbuild\\_ctypes.lib" /MACHINE:X86 /SAFESEH /DLL "E:\OpenCV-3-Build-essentials\Advanced\Python-2.7.9\Python-2.7.9\PCbuild\Win32-temp-Debug\_ctypes\callbacks.obj"
         "E:\OpenCV-3-Build-essentials\Advanced\Python-2.7.9\Python-2.7.9\PCbuild\Win32-temp-Debug\_ctypes\callproc.obj"
         "E:\OpenCV-3-Build-essentials\Advanced\Python-2.7.9\Python-2.7.9\PCbuild\Win32-temp-Debug\_ctypes\cfield.obj"
         "E:\OpenCV-3-Build-essentials\Advanced\Python-2.7.9\Python-2.7.9\PCbuild\Win32-temp-Debug\_ctypes\ffi.obj"
         "E:\OpenCV-3-Build-essentials\Advanced\Python-2.7.9\Python-2.7.9\PCbuild\Win32-temp-Debug\_ctypes\prep_cif.obj"
         "E:\OpenCV-3-Build-essentials\Advanced\Python-2.7.9\Python-2.7.9\PCbuild\Win32-temp-Debug\_ctypes\win32.obj"
         "E:\OpenCV-3-Build-essentials\Advanced\Python-2.7.9\Python-2.7.9\PCbuild\Win32-temp-Debug\_ctypes\malloc_closure.obj"
         "E:\OpenCV-3-Build-essentials\Advanced\Python-2.7.9\Python-2.7.9\PCbuild\Win32-temp-Debug\_ctypes\stgdict.obj"
         "E:\OpenCV-3-Build-essentials\Advanced\Python-2.7.9\Python-2.7.9\PCbuild\Win32-temp-Debug\_ctypes\_ctypes.obj"
         "E:\OpenCV-3-Build-essentials\Advanced\Python-2.7.9\Python-2.7.9\PCbuild\python27_d.lib"
            Creating library E:\OpenCV-3-Build-essentials\Advanced\Python-2.7.9\Python-2.7.9\PCbuild\\_ctypes.lib and object E:\OpenCV-3-Build-essentials\Advanced\Python-2.7.9\Python-2.7.9\PCbuild\\_ctypes.exp
         _ctypes.vcxproj -> E:\OpenCV-3-Build-essentials\Advanced\Python-2.7.9\Python-2.7.9\PCbuild\\_ctypes.dll
     1>Done Building Project "E:\OpenCV-3-Build-essentials\Advanced\Python-2.7.9\Python-2.7.9\PCbuild\_ctypes.vcxproj" (Build target(s)).

Build succeeded.

Time Elapsed 00:00:02.89
