Build started 3/5/2015 8:50:33 AM.
     1>Project "E:\OpenCV-3-Build-essentials\Advanced\Python-2.7.9\Python-2.7.9\PCbuild\_socket.vcxproj" on node 3 (Build target(s)).
     1>ClCompile:
         C:\Program Files (x86)\Microsoft Visual Studio 12.0\VC\bin\CL.exe /c /I..\Include /I..\PC /I"C:\Program Files (x86)\Visual Leak Detector\include" /Zi /nologo /W3 /WX- /Od /Oy- /D Py_BUILD_CORE_MODULE /D _DEBUG /D _WIN32 /D _WINDLL /GF /Gm- /MDd /GS /Gy /fp:precise /Zc:wchar_t /Zc:forScope /Fo"E:\OpenCV-3-Build-essentials\Advanced\Python-2.7.9\Python-2.7.9\PCbuild\Win32-temp-Debug\_socket\\" /Fd"E:\OpenCV-3-Build-essentials\Advanced\Python-2.7.9\Python-2.7.9\PCbuild\Win32-temp-Debug\_socket\vc120.pdb" /Gd /TC /analyze- /errorReport:prompt ..\Modules\socketmodule.c
         socketmodule.c
     1>C:\Program Files (x86)\Windows Kits\8.1\Include\um\winsock2.h(391): warning C4005: 'INVALID_SOCKET' : macro redefinition
                 ..\Modules\socketmodule.c(98) : see previous definition of 'INVALID_SOCKET'
     1>..\Modules\socketmodule.c(374): warning C4005: 'EAFNOSUPPORT' : macro redefinition
                 C:\Program Files (x86)\Microsoft Visual Studio 12.0\VC\include\errno.h(94) : see previous definition of 'EAFNOSUPPORT'
     1>..\Modules\socketmodule.c(3476): warning C4996: 'gethostbyname': Use getaddrinfo() or GetAddrInfoW() instead or define _WINSOCK_DEPRECATED_NO_WARNINGS to disable deprecated API warnings
                 C:\Program Files (x86)\Windows Kits\8.1\Include\um\winsock2.h(2238) : see declaration of 'gethostbyname'
     1>..\Modules\socketmodule.c(3575): warning C4996: 'gethostbyaddr': Use getnameinfo() or GetNameInfoW() instead or define _WINSOCK_DEPRECATED_NO_WARNINGS to disable deprecated API warnings
                 C:\Program Files (x86)\Windows Kits\8.1\Include\um\winsock2.h(2216) : see declaration of 'gethostbyaddr'
     1>..\Modules\socketmodule.c(3974): warning C4996: 'inet_addr': Use inet_pton() or InetPton() instead or define _WINSOCK_DEPRECATED_NO_WARNINGS to disable deprecated API warnings
                 C:\Program Files (x86)\Windows Kits\8.1\Include\um\winsock2.h(1850) : see declaration of 'inet_addr'
     1>..\Modules\socketmodule.c(4016): warning C4996: 'inet_ntoa': Use inet_ntop() or InetNtop() instead or define _WINSOCK_DEPRECATED_NO_WARNINGS to disable deprecated API warnings
                 C:\Program Files (x86)\Windows Kits\8.1\Include\um\winsock2.h(1868) : see declaration of 'inet_ntoa'
     1>..\Modules\socketmodule.c(5528): warning C4996: 'inet_addr': Use inet_pton() or InetPton() instead or define _WINSOCK_DEPRECATED_NO_WARNINGS to disable deprecated API warnings
                 C:\Program Files (x86)\Windows Kits\8.1\Include\um\winsock2.h(1850) : see declaration of 'inet_addr'
     1>..\Modules\socketmodule.c(5547): warning C4996: 'inet_ntoa': Use inet_ntop() or InetNtop() instead or define _WINSOCK_DEPRECATED_NO_WARNINGS to disable deprecated API warnings
                 C:\Program Files (x86)\Windows Kits\8.1\Include\um\winsock2.h(1868) : see declaration of 'inet_ntoa'
     1>C:\Program Files (x86)\MSBuild\Microsoft.Cpp\v4.0\V120\Microsoft.CppBuild.targets(1193,5): warning MSB8012: TargetPath(E:\OpenCV-3-Build-essentials\Advanced\Python-2.7.9\Python-2.7.9\PCbuild\\_socket.dll) does not match the Linker's OutputFile property value (E:\OpenCV-3-Build-essentials\Advanced\Python-2.7.9\Python-2.7.9\PCbuild\_socket_d.pyd). This may cause your project to build incorrectly. To correct this, please make sure that $(OutDir), $(TargetName) and $(TargetExt) property values match the value specified in %(Link.OutputFile).
     1>C:\Program Files (x86)\MSBuild\Microsoft.Cpp\v4.0\V120\Microsoft.CppBuild.targets(1194,5): warning MSB8012: TargetExt(.dll) does not match the Linker's OutputFile property value (.pyd). This may cause your project to build incorrectly. To correct this, please make sure that $(OutDir), $(TargetName) and $(TargetExt) property values match the value specified in %(Link.OutputFile).
     1>C:\Program Files (x86)\MSBuild\Microsoft.Cpp\v4.0\V120\Microsoft.CppBuild.targets(1195,5): warning MSB8012: TargetName(_socket) does not match the Linker's OutputFile property value (_socket_d). This may cause your project to build incorrectly. To correct this, please make sure that $(OutDir), $(TargetName) and $(TargetExt) property values match the value specified in %(Link.OutputFile).
       Link:
         C:\Program Files (x86)\Microsoft Visual Studio 12.0\VC\bin\link.exe /ERRORREPORT:PROMPT /OUT:"E:\OpenCV-3-Build-essentials\Advanced\Python-2.7.9\Python-2.7.9\PCbuild\\_socket_d.pyd" /INCREMENTAL:NO /NOLOGO /LIBPATH:"E:\OpenCV-3-Build-essentials\Advanced\Python-2.7.9\Python-2.7.9\PCbuild\\\" /LIBPATH:"C:\Program Files (x86)\Visual Leak Detector\lib\Win32" ws2_32.lib kernel32.lib user32.lib gdi32.lib winspool.lib comdlg32.lib advapi32.lib shell32.lib ole32.lib oleaut32.lib uuid.lib odbc32.lib odbccp32.lib /MANIFEST:NO /DEBUG /PDB:"E:\OpenCV-3-Build-essentials\Advanced\Python-2.7.9\Python-2.7.9\PCbuild\\_socket_d.pdb" /SUBSYSTEM:WINDOWS /TLBID:1 /BASE:"0x1e1D0000" /DYNAMICBASE:NO /IMPLIB:"E:\OpenCV-3-Build-essentials\Advanced\Python-2.7.9\Python-2.7.9\PCbuild\\_socket.lib" /MACHINE:X86 /SAFESEH /DLL "E:\OpenCV-3-Build-essentials\Advanced\Python-2.7.9\Python-2.7.9\PCbuild\Win32-temp-Debug\_socket\socketmodule.obj"
         "E:\OpenCV-3-Build-essentials\Advanced\Python-2.7.9\Python-2.7.9\PCbuild\python27_d.lib"
            Creating library E:\OpenCV-3-Build-essentials\Advanced\Python-2.7.9\Python-2.7.9\PCbuild\\_socket.lib and object E:\OpenCV-3-Build-essentials\Advanced\Python-2.7.9\Python-2.7.9\PCbuild\\_socket.exp
         _socket.vcxproj -> E:\OpenCV-3-Build-essentials\Advanced\Python-2.7.9\Python-2.7.9\PCbuild\\_socket.dll
     1>Done Building Project "E:\OpenCV-3-Build-essentials\Advanced\Python-2.7.9\Python-2.7.9\PCbuild\_socket.vcxproj" (Build target(s)).

Build succeeded.

Time Elapsed 00:00:01.15
